<?xml version="1.0" encoding="UTF-8"?>
<!-- Generated by org.testng.reporters.JUnitReportReporter -->
<testsuite hostname="LP-81" failures="0" tests="2" name="week5.day1.testcase.CreateLead" time="450.635" errors="0" timestamp="2023-09-25T20:41:17 IST" skipped="0">
  <testcase classname="week5.day1.testcase.CreateLead" name="createLeadTestcase" time="236.393"/>
  <system-out/>
  <testcase classname="week5.day1.testcase.CreateLead" name="createLeadTestcase" time="214.242"/>
  <system-out/>
</testsuite> <!-- week5.day1.testcase.CreateLead -->
