<?xml version="1.0" encoding="UTF-8"?>
<!-- Generated by org.testng.reporters.JUnitReportReporter -->
<testsuite hostname="LP-81" failures="0" tests="1" name="javachallenge.Sample" time="58.535" errors="0" timestamp="2023-09-15T21:48:57 IST" skipped="0">
  <testcase classname="javachallenge.Sample" name="loginPage" time="58.535"/>
  <system-out/>
</testsuite> <!-- javachallenge.Sample -->
